[0.007s] Invoking command in '/home/qamar/ros2_ws/build/turtlesim': CMAKE_PREFIX_PATH=/opt/ros/humble /usr/bin/cmake /home/qamar/ros2_ws/src/ros_tutorials/turtlesim -DCMAKE_INSTALL_PREFIX=/home/qamar/ros2_ws/install/turtlesim
[0.039s] -- The C compiler identification is GNU 11.3.0
[0.076s] -- The CXX compiler identification is GNU 11.3.0
[0.080s] -- Detecting C compiler ABI info
[0.140s] -- Detecting C compiler ABI info - done
[0.146s] -- Check for working C compiler: /usr/bin/cc - skipped
[0.146s] -- Detecting C compile features
[0.147s] -- Detecting C compile features - done
[0.150s] -- Detecting CXX compiler ABI info
[0.196s] -- Detecting CXX compiler ABI info - done
[0.201s] -- Check for working CXX compiler: /usr/bin/c++ - skipped
[0.201s] -- Detecting CXX compile features
[0.202s] -- Detecting CXX compile features - done
[0.203s] -- Found ament_cmake: 1.3.2 (/opt/ros/humble/share/ament_cmake/cmake)
[0.298s] -- Found Python3: /usr/bin/python3.10 (found version "3.10.6") found components: Interpreter 
[0.344s] -- Found ament_index_cpp: 1.4.0 (/opt/ros/humble/share/ament_index_cpp/cmake)
[0.345s] -- Found geometry_msgs: 4.2.2 (/opt/ros/humble/share/geometry_msgs/cmake)
[0.363s] -- Found rosidl_generator_c: 3.1.3 (/opt/ros/humble/share/rosidl_generator_c/cmake)
[0.365s] -- Found rosidl_adapter: 3.1.3 (/opt/ros/humble/share/rosidl_adapter/cmake)
[0.370s] -- Found rosidl_generator_cpp: 3.1.3 (/opt/ros/humble/share/rosidl_generator_cpp/cmake)
[0.377s] -- Using all available rosidl_typesupport_c: rosidl_typesupport_fastrtps_c;rosidl_typesupport_introspection_c
[0.387s] -- Using all available rosidl_typesupport_cpp: rosidl_typesupport_fastrtps_cpp;rosidl_typesupport_introspection_cpp
[0.461s] -- Found rclcpp: 16.0.1 (/opt/ros/humble/share/rclcpp/cmake)
[0.492s] -- Found rmw_implementation_cmake: 6.1.0 (/opt/ros/humble/share/rmw_implementation_cmake/cmake)
[0.494s] -- Found rmw_fastrtps_cpp: 6.2.1 (/opt/ros/humble/share/rmw_fastrtps_cpp/cmake)
[0.541s] -- Found OpenSSL: /usr/lib/x86_64-linux-gnu/libcrypto.so (found version "3.0.2")  
[0.555s] -- Found FastRTPS: /opt/ros/humble/include  
[0.580s] -- Using RMW implementation 'rmw_fastrtps_cpp' as default
[0.655s] -- Found rclcpp_action: 16.0.1 (/opt/ros/humble/share/rclcpp_action/cmake)
[0.711s] -- Found rosidl_default_generators: 1.2.0 (/opt/ros/humble/share/rosidl_default_generators/cmake)
[0.716s] -- Found std_srvs: 4.2.2 (/opt/ros/humble/share/std_srvs/cmake)
[0.901s] -- Found ament_cmake_ros: 0.10.0 (/opt/ros/humble/share/ament_cmake_ros/cmake)
[1.081s] -- Using all available rosidl_typesupport_c: rosidl_typesupport_fastrtps_c;rosidl_typesupport_introspection_c
[1.153s] -- Using all available rosidl_typesupport_cpp: rosidl_typesupport_fastrtps_cpp;rosidl_typesupport_introspection_cpp
[1.166s] -- Found PythonInterp: /usr/bin/python3 (found suitable version "3.10.6", minimum required is "3.6") 
[1.167s] -- Found python_cmake_module: 0.10.0 (/opt/ros/humble/share/python_cmake_module/cmake)
[1.181s] -- Found PythonLibs: /usr/lib/x86_64-linux-gnu/libpython3.10.so (found suitable version "3.10.6", minimum required is "3.5") 
[1.181s] -- Using PYTHON_EXECUTABLE: /usr/bin/python3
[1.181s] -- Using PYTHON_INCLUDE_DIRS: /usr/include/python3.10
[1.181s] -- Using PYTHON_LIBRARIES: /usr/lib/x86_64-linux-gnu/libpython3.10.so
[1.192s] -- Found PythonExtra: .so  
[1.221s] -- Configuring done
[1.253s] -- Generating done
[1.254s] -- Build files have been written to: /home/qamar/ros2_ws/build/turtlesim
[1.263s] Invoked command in '/home/qamar/ros2_ws/build/turtlesim' returned '0': CMAKE_PREFIX_PATH=/opt/ros/humble /usr/bin/cmake /home/qamar/ros2_ws/src/ros_tutorials/turtlesim -DCMAKE_INSTALL_PREFIX=/home/qamar/ros2_ws/install/turtlesim
[1.264s] Invoking command in '/home/qamar/ros2_ws/build/turtlesim': CMAKE_PREFIX_PATH=/opt/ros/humble /usr/bin/cmake --build /home/qamar/ros2_ws/build/turtlesim -- -j8 -l8
[1.287s] [  1%] [34m[1mGenerating C code for ROS interfaces[0m
[1.292s] [  2%] [34m[1mGenerating C++ code for ROS interfaces[0m
[1.296s] [  2%] Built target ament_cmake_python_copy_turtlesim
[1.442s] running egg_info
[1.442s] creating turtlesim.egg-info
[1.442s] writing turtlesim.egg-info/PKG-INFO
[1.442s] writing dependency_links to turtlesim.egg-info/dependency_links.txt
[1.442s] writing top-level names to turtlesim.egg-info/top_level.txt
[1.442s] writing manifest file 'turtlesim.egg-info/SOURCES.txt'
[1.444s] reading manifest file 'turtlesim.egg-info/SOURCES.txt'
[1.444s] writing manifest file 'turtlesim.egg-info/SOURCES.txt'
[1.461s] [  2%] Built target ament_cmake_python_build_turtlesim_egg
[1.962s] [  2%] Built target turtlesim__cpp
[2.003s] [  4%] [34m[1mGenerating C++ type support dispatch for ROS interfaces[0m
[2.004s] [  4%] [34m[1mGenerating C++ type support for eProsima Fast-RTPS[0m
[2.004s] [  5%] [34m[1mGenerating C++ introspection for ROS interfaces[0m
[2.109s] [ 10%] [32mBuilding C object CMakeFiles/turtlesim__rosidl_generator_c.dir/rosidl_generator_c/turtlesim/action/detail/rotate_absolute__functions.c.o[0m
[2.109s] [ 10%] [32mBuilding C object CMakeFiles/turtlesim__rosidl_generator_c.dir/rosidl_generator_c/turtlesim/msg/detail/pose__functions.c.o[0m
[2.109s] [ 10%] [32mBuilding C object CMakeFiles/turtlesim__rosidl_generator_c.dir/rosidl_generator_c/turtlesim/msg/detail/color__functions.c.o[0m
[2.109s] [ 10%] [32mBuilding C object CMakeFiles/turtlesim__rosidl_generator_c.dir/rosidl_generator_c/turtlesim/srv/detail/set_pen__functions.c.o[0m
[2.109s] [ 10%] [32mBuilding C object CMakeFiles/turtlesim__rosidl_generator_c.dir/rosidl_generator_c/turtlesim/srv/detail/kill__functions.c.o[0m
[2.249s] [ 11%] [32mBuilding C object CMakeFiles/turtlesim__rosidl_generator_c.dir/rosidl_generator_c/turtlesim/srv/detail/teleport_absolute__functions.c.o[0m
[2.249s] [ 12%] [32mBuilding C object CMakeFiles/turtlesim__rosidl_generator_c.dir/rosidl_generator_c/turtlesim/srv/detail/spawn__functions.c.o[0m
[2.288s] [ 13%] [32mBuilding C object CMakeFiles/turtlesim__rosidl_generator_c.dir/rosidl_generator_c/turtlesim/srv/detail/teleport_relative__functions.c.o[0m
[2.452s] [ 14%] [32m[1mLinking C shared library libturtlesim__rosidl_generator_c.so[0m
[2.473s] [ 14%] Built target turtlesim__rosidl_generator_c
[2.489s] [ 15%] [34m[1mGenerating C type support dispatch for ROS interfaces[0m
[2.490s] [ 16%] [34m[1mGenerating C introspection for ROS interfaces[0m
[2.490s] [ 17%] [34m[1mGenerating C type support for eProsima Fast-RTPS[0m
[3.442s] [ 20%] [32mBuilding CXX object CMakeFiles/turtlesim__rosidl_typesupport_introspection_cpp.dir/rosidl_typesupport_introspection_cpp/turtlesim/action/detail/rotate_absolute__type_support.cpp.o[0m
[3.442s] [ 20%] [32mBuilding CXX object CMakeFiles/turtlesim__rosidl_typesupport_introspection_cpp.dir/rosidl_typesupport_introspection_cpp/turtlesim/msg/detail/color__type_support.cpp.o[0m
[3.442s] [ 20%] [32mBuilding CXX object CMakeFiles/turtlesim__rosidl_typesupport_introspection_cpp.dir/rosidl_typesupport_introspection_cpp/turtlesim/msg/detail/pose__type_support.cpp.o[0m
[3.620s] [ 21%] [32mBuilding CXX object CMakeFiles/turtlesim__rosidl_typesupport_cpp.dir/rosidl_typesupport_cpp/turtlesim/action/rotate_absolute__type_support.cpp.o[0m
[3.753s] [ 22%] [32mBuilding CXX object CMakeFiles/turtlesim__rosidl_typesupport_fastrtps_cpp.dir/rosidl_typesupport_fastrtps_cpp/turtlesim/action/detail/dds_fastrtps/rotate_absolute__type_support.cpp.o[0m
[3.797s] [ 23%] [32mBuilding CXX object CMakeFiles/turtlesim__rosidl_typesupport_c.dir/rosidl_typesupport_c/turtlesim/action/rotate_absolute__type_support.cpp.o[0m
[3.849s] [ 24%] [32mBuilding CXX object CMakeFiles/turtlesim__rosidl_typesupport_c.dir/rosidl_typesupport_c/turtlesim/msg/color__type_support.cpp.o[0m
[3.871s] [ 25%] [32mBuilding CXX object CMakeFiles/turtlesim__rosidl_typesupport_c.dir/rosidl_typesupport_c/turtlesim/msg/pose__type_support.cpp.o[0m
[3.877s] [ 26%] [32mBuilding CXX object CMakeFiles/turtlesim__rosidl_typesupport_c.dir/rosidl_typesupport_c/turtlesim/srv/kill__type_support.cpp.o[0m
[3.878s] [ 27%] [32mBuilding CXX object CMakeFiles/turtlesim__rosidl_typesupport_c.dir/rosidl_typesupport_c/turtlesim/srv/set_pen__type_support.cpp.o[0m
[3.899s] [ 28%] [32mBuilding CXX object CMakeFiles/turtlesim__rosidl_typesupport_c.dir/rosidl_typesupport_c/turtlesim/srv/spawn__type_support.cpp.o[0m
[3.908s] [ 29%] [32mBuilding CXX object CMakeFiles/turtlesim__rosidl_typesupport_c.dir/rosidl_typesupport_c/turtlesim/srv/teleport_absolute__type_support.cpp.o[0m
[3.910s] [ 30%] [32mBuilding CXX object CMakeFiles/turtlesim__rosidl_typesupport_c.dir/rosidl_typesupport_c/turtlesim/srv/teleport_relative__type_support.cpp.o[0m
[3.932s] [ 31%] [32mBuilding CXX object CMakeFiles/turtlesim__rosidl_typesupport_cpp.dir/rosidl_typesupport_cpp/turtlesim/msg/color__type_support.cpp.o[0m
[3.938s] [ 32%] [32mBuilding CXX object CMakeFiles/turtlesim__rosidl_typesupport_cpp.dir/rosidl_typesupport_cpp/turtlesim/msg/pose__type_support.cpp.o[0m
[3.940s] [ 33%] [32m[1mLinking CXX shared library libturtlesim__rosidl_typesupport_c.so[0m
[3.981s] [ 33%] Built target turtlesim__rosidl_typesupport_c
[3.989s] [ 34%] [32mBuilding CXX object CMakeFiles/turtlesim__rosidl_typesupport_cpp.dir/rosidl_typesupport_cpp/turtlesim/srv/kill__type_support.cpp.o[0m
[4.100s] [ 35%] [32mBuilding CXX object CMakeFiles/turtlesim__rosidl_typesupport_introspection_cpp.dir/rosidl_typesupport_introspection_cpp/turtlesim/srv/detail/kill__type_support.cpp.o[0m
[4.123s] [ 36%] [32mBuilding CXX object CMakeFiles/turtlesim__rosidl_typesupport_cpp.dir/rosidl_typesupport_cpp/turtlesim/srv/set_pen__type_support.cpp.o[0m
[4.148s] [ 37%] [32mBuilding C object CMakeFiles/turtlesim__rosidl_typesupport_introspection_c.dir/rosidl_typesupport_introspection_c/turtlesim/action/detail/rotate_absolute__type_support.c.o[0m
[4.196s] [ 38%] [32mBuilding C object CMakeFiles/turtlesim__rosidl_typesupport_introspection_c.dir/rosidl_typesupport_introspection_c/turtlesim/msg/detail/color__type_support.c.o[0m
[4.208s] [ 39%] [32mBuilding CXX object CMakeFiles/turtlesim__rosidl_typesupport_fastrtps_c.dir/rosidl_typesupport_fastrtps_c/turtlesim/action/detail/rotate_absolute__type_support_c.cpp.o[0m
[4.230s] [ 41%] [32mBuilding CXX object CMakeFiles/turtlesim__rosidl_typesupport_cpp.dir/rosidl_typesupport_cpp/turtlesim/srv/spawn__type_support.cpp.o[0m
[4.230s] [ 41%] [32mBuilding C object CMakeFiles/turtlesim__rosidl_typesupport_introspection_c.dir/rosidl_typesupport_introspection_c/turtlesim/msg/detail/pose__type_support.c.o[0m
[4.240s] [ 42%] [32mBuilding CXX object CMakeFiles/turtlesim__rosidl_typesupport_fastrtps_c.dir/rosidl_typesupport_fastrtps_c/turtlesim/msg/detail/color__type_support_c.cpp.o[0m
[4.264s] [ 43%] [32mBuilding C object CMakeFiles/turtlesim__rosidl_typesupport_introspection_c.dir/rosidl_typesupport_introspection_c/turtlesim/srv/detail/kill__type_support.c.o[0m
[4.295s] [ 44%] [32mBuilding CXX object CMakeFiles/turtlesim__rosidl_typesupport_cpp.dir/rosidl_typesupport_cpp/turtlesim/srv/teleport_absolute__type_support.cpp.o[0m
[4.306s] [ 45%] [32mBuilding C object CMakeFiles/turtlesim__rosidl_typesupport_introspection_c.dir/rosidl_typesupport_introspection_c/turtlesim/srv/detail/set_pen__type_support.c.o[0m
[4.343s] [ 46%] [32mBuilding C object CMakeFiles/turtlesim__rosidl_typesupport_introspection_c.dir/rosidl_typesupport_introspection_c/turtlesim/srv/detail/spawn__type_support.c.o[0m
[4.381s] [ 47%] [32mBuilding C object CMakeFiles/turtlesim__rosidl_typesupport_introspection_c.dir/rosidl_typesupport_introspection_c/turtlesim/srv/detail/teleport_absolute__type_support.c.o[0m
[4.388s] [ 48%] [32mBuilding CXX object CMakeFiles/turtlesim__rosidl_typesupport_fastrtps_cpp.dir/rosidl_typesupport_fastrtps_cpp/turtlesim/msg/detail/dds_fastrtps/color__type_support.cpp.o[0m
[4.405s] [ 49%] [32mBuilding CXX object CMakeFiles/turtlesim__rosidl_typesupport_cpp.dir/rosidl_typesupport_cpp/turtlesim/srv/teleport_relative__type_support.cpp.o[0m
[4.417s] [ 50%] [32mBuilding C object CMakeFiles/turtlesim__rosidl_typesupport_introspection_c.dir/rosidl_typesupport_introspection_c/turtlesim/srv/detail/teleport_relative__type_support.c.o[0m
[4.455s] [ 51%] [32m[1mLinking C shared library libturtlesim__rosidl_typesupport_introspection_c.so[0m
[4.486s] [ 51%] Built target turtlesim__rosidl_typesupport_introspection_c
[4.493s] [ 52%] [32mBuilding CXX object CMakeFiles/turtlesim__rosidl_typesupport_fastrtps_cpp.dir/rosidl_typesupport_fastrtps_cpp/turtlesim/msg/detail/dds_fastrtps/pose__type_support.cpp.o[0m
[4.521s] [ 53%] [32mBuilding CXX object CMakeFiles/turtlesim__rosidl_typesupport_fastrtps_cpp.dir/rosidl_typesupport_fastrtps_cpp/turtlesim/srv/detail/dds_fastrtps/kill__type_support.cpp.o[0m
[4.523s] [ 54%] [32mBuilding CXX object CMakeFiles/turtlesim__rosidl_typesupport_introspection_cpp.dir/rosidl_typesupport_introspection_cpp/turtlesim/srv/detail/set_pen__type_support.cpp.o[0m
[4.596s] [ 55%] [32mBuilding CXX object CMakeFiles/turtlesim__rosidl_typesupport_introspection_cpp.dir/rosidl_typesupport_introspection_cpp/turtlesim/srv/detail/spawn__type_support.cpp.o[0m
[4.627s] [ 56%] [32mBuilding CXX object CMakeFiles/turtlesim__rosidl_typesupport_fastrtps_c.dir/rosidl_typesupport_fastrtps_c/turtlesim/msg/detail/pose__type_support_c.cpp.o[0m
[4.633s] [ 57%] [32mBuilding CXX object CMakeFiles/turtlesim__rosidl_typesupport_fastrtps_c.dir/rosidl_typesupport_fastrtps_c/turtlesim/srv/detail/kill__type_support_c.cpp.o[0m
[4.702s] [ 58%] [32m[1mLinking CXX shared library libturtlesim__rosidl_typesupport_cpp.so[0m
[4.745s] [ 58%] Built target turtlesim__rosidl_typesupport_cpp
[4.754s] [ 59%] [34m[1mGenerating include/turtlesim/moc_turtle_frame.cpp[0m
[4.822s] [ 60%] [32mBuilding CXX object CMakeFiles/turtlesim__rosidl_typesupport_fastrtps_cpp.dir/rosidl_typesupport_fastrtps_cpp/turtlesim/srv/detail/dds_fastrtps/set_pen__type_support.cpp.o[0m
[4.828s] [ 61%] [32mBuilding CXX object CMakeFiles/turtlesim_node.dir/src/turtlesim.cpp.o[0m
[4.930s] [ 62%] [32mBuilding CXX object CMakeFiles/turtlesim__rosidl_typesupport_fastrtps_cpp.dir/rosidl_typesupport_fastrtps_cpp/turtlesim/srv/detail/dds_fastrtps/spawn__type_support.cpp.o[0m
[4.951s] [ 63%] [32mBuilding CXX object CMakeFiles/turtlesim__rosidl_typesupport_introspection_cpp.dir/rosidl_typesupport_introspection_cpp/turtlesim/srv/detail/teleport_absolute__type_support.cpp.o[0m
[4.980s] [ 64%] [32mBuilding CXX object CMakeFiles/turtlesim__rosidl_typesupport_fastrtps_cpp.dir/rosidl_typesupport_fastrtps_cpp/turtlesim/srv/detail/dds_fastrtps/teleport_absolute__type_support.cpp.o[0m
[5.012s] [ 65%] [32mBuilding CXX object CMakeFiles/turtlesim__rosidl_typesupport_introspection_cpp.dir/rosidl_typesupport_introspection_cpp/turtlesim/srv/detail/teleport_relative__type_support.cpp.o[0m
[5.012s] [ 66%] [32mBuilding CXX object CMakeFiles/turtlesim__rosidl_typesupport_fastrtps_c.dir/rosidl_typesupport_fastrtps_c/turtlesim/srv/detail/set_pen__type_support_c.cpp.o[0m
[5.023s] [ 67%] [32mBuilding CXX object CMakeFiles/turtlesim__rosidl_typesupport_fastrtps_c.dir/rosidl_typesupport_fastrtps_c/turtlesim/srv/detail/spawn__type_support_c.cpp.o[0m
[5.276s] [ 68%] [32mBuilding CXX object CMakeFiles/turtlesim__rosidl_typesupport_fastrtps_cpp.dir/rosidl_typesupport_fastrtps_cpp/turtlesim/srv/detail/dds_fastrtps/teleport_relative__type_support.cpp.o[0m
[5.379s] [ 69%] [32mBuilding CXX object CMakeFiles/turtlesim__rosidl_typesupport_fastrtps_c.dir/rosidl_typesupport_fastrtps_c/turtlesim/srv/detail/teleport_absolute__type_support_c.cpp.o[0m
[5.388s] [ 70%] [32mBuilding CXX object CMakeFiles/turtlesim__rosidl_typesupport_fastrtps_c.dir/rosidl_typesupport_fastrtps_c/turtlesim/srv/detail/teleport_relative__type_support_c.cpp.o[0m
[5.408s] [ 71%] [32mBuilding CXX object CMakeFiles/turtlesim_node.dir/src/turtle.cpp.o[0m
[5.414s] [ 72%] [32mBuilding CXX object CMakeFiles/turtlesim_node.dir/src/turtle_frame.cpp.o[0m
[5.436s] [ 73%] [32mBuilding CXX object CMakeFiles/turtlesim_node.dir/include/turtlesim/moc_turtle_frame.cpp.o[0m
[5.469s] [ 74%] [32m[1mLinking CXX shared library libturtlesim__rosidl_typesupport_introspection_cpp.so[0m
[5.549s] [ 74%] Built target turtlesim__rosidl_typesupport_introspection_cpp
[5.573s] [ 75%] [32mBuilding CXX object CMakeFiles/turtle_teleop_key.dir/tutorials/teleop_turtle_key.cpp.o[0m
[5.734s] [ 76%] [32m[1mLinking CXX shared library libturtlesim__rosidl_typesupport_fastrtps_cpp.so[0m
[5.799s] [ 77%] [32m[1mLinking CXX shared library libturtlesim__rosidl_typesupport_fastrtps_c.so[0m
[5.803s] [ 78%] [32mBuilding CXX object CMakeFiles/draw_square.dir/tutorials/draw_square.cpp.o[0m
[5.813s] [ 78%] Built target turtlesim__rosidl_typesupport_fastrtps_cpp
[5.830s] [ 79%] [32mBuilding CXX object CMakeFiles/mimic.dir/tutorials/mimic.cpp.o[0m
[5.876s] [ 79%] Built target turtlesim__rosidl_typesupport_fastrtps_c
[5.893s] [ 79%] Built target turtlesim
[5.910s] [ 80%] [34m[1mGenerating Python code for ROS interfaces[0m
[8.533s] [ 80%] Built target turtlesim__py
[8.552s] [ 81%] [32mBuilding C object CMakeFiles/turtlesim__rosidl_generator_py.dir/rosidl_generator_py/turtlesim/action/_rotate_absolute_s.c.o[0m
[8.720s] [ 82%] [32mBuilding C object CMakeFiles/turtlesim__rosidl_generator_py.dir/rosidl_generator_py/turtlesim/msg/_color_s.c.o[0m
[8.839s] [ 83%] [32mBuilding C object CMakeFiles/turtlesim__rosidl_generator_py.dir/rosidl_generator_py/turtlesim/msg/_pose_s.c.o[0m
[8.961s] [ 84%] [32mBuilding C object CMakeFiles/turtlesim__rosidl_generator_py.dir/rosidl_generator_py/turtlesim/srv/_kill_s.c.o[0m
[9.087s] [ 85%] [32mBuilding C object CMakeFiles/turtlesim__rosidl_generator_py.dir/rosidl_generator_py/turtlesim/srv/_set_pen_s.c.o[0m
[9.223s] [ 86%] [32mBuilding C object CMakeFiles/turtlesim__rosidl_generator_py.dir/rosidl_generator_py/turtlesim/srv/_spawn_s.c.o[0m
[9.359s] [ 87%] [32mBuilding C object CMakeFiles/turtlesim__rosidl_generator_py.dir/rosidl_generator_py/turtlesim/srv/_teleport_absolute_s.c.o[0m
[9.483s] [ 88%] [32mBuilding C object CMakeFiles/turtlesim__rosidl_generator_py.dir/rosidl_generator_py/turtlesim/srv/_teleport_relative_s.c.o[0m
[9.609s] [ 89%] [32m[1mLinking C shared library rosidl_generator_py/turtlesim/libturtlesim__rosidl_generator_py.so[0m
[9.650s] [ 89%] Built target turtlesim__rosidl_generator_py
[9.669s] [ 90%] [32mBuilding C object CMakeFiles/turtlesim__rosidl_typesupport_fastrtps_c__pyext.dir/rosidl_generator_py/turtlesim/_turtlesim_s.ep.rosidl_typesupport_fastrtps_c.c.o[0m
[9.864s] [ 91%] [32m[1mLinking C shared library rosidl_generator_py/turtlesim/turtlesim_s__rosidl_typesupport_fastrtps_c.cpython-310-x86_64-linux-gnu.so[0m
[9.905s] [ 91%] Built target turtlesim__rosidl_typesupport_fastrtps_c__pyext
[9.923s] [ 92%] [32mBuilding C object CMakeFiles/turtlesim__rosidl_typesupport_introspection_c__pyext.dir/rosidl_generator_py/turtlesim/_turtlesim_s.ep.rosidl_typesupport_introspection_c.c.o[0m
[10.016s] [ 93%] [32mBuilding C object CMakeFiles/turtlesim__rosidl_typesupport_c__pyext.dir/rosidl_generator_py/turtlesim/_turtlesim_s.ep.rosidl_typesupport_c.c.o[0m
[10.120s] [ 94%] [32m[1mLinking C shared library rosidl_generator_py/turtlesim/turtlesim_s__rosidl_typesupport_introspection_c.cpython-310-x86_64-linux-gnu.so[0m
[10.160s] [ 94%] Built target turtlesim__rosidl_typesupport_introspection_c__pyext
[10.214s] [ 95%] [32m[1mLinking C shared library rosidl_generator_py/turtlesim/turtlesim_s__rosidl_typesupport_c.cpython-310-x86_64-linux-gnu.so[0m
[10.254s] [ 95%] Built target turtlesim__rosidl_typesupport_c__pyext
[12.290s] [ 96%] [32m[1mLinking CXX executable turtle_teleop_key[0m
[12.576s] [ 96%] Built target turtle_teleop_key
[14.165s] [ 97%] [32m[1mLinking CXX executable draw_square[0m
[14.431s] [ 98%] [32m[1mLinking CXX executable mimic[0m
[14.518s] [ 98%] Built target draw_square
[14.727s] [ 98%] Built target mimic
[16.261s] [100%] [32m[1mLinking CXX executable turtlesim_node[0m
[17.628s] [100%] Built target turtlesim_node
[17.638s] Invoked command in '/home/qamar/ros2_ws/build/turtlesim' returned '0': CMAKE_PREFIX_PATH=/opt/ros/humble /usr/bin/cmake --build /home/qamar/ros2_ws/build/turtlesim -- -j8 -l8
[17.724s] Invoking command in '/home/qamar/ros2_ws/build/turtlesim': CMAKE_PREFIX_PATH=/opt/ros/humble /usr/bin/cmake --install /home/qamar/ros2_ws/build/turtlesim
[17.728s] -- Install configuration: ""
[17.728s] -- Installing: /home/qamar/ros2_ws/install/turtlesim/share/ament_index/resource_index/rosidl_interfaces/turtlesim
[17.728s] -- Installing: /home/qamar/ros2_ws/install/turtlesim/include/turtlesim/turtlesim
[17.728s] -- Installing: /home/qamar/ros2_ws/install/turtlesim/include/turtlesim/turtlesim/msg
[17.728s] -- Installing: /home/qamar/ros2_ws/install/turtlesim/include/turtlesim/turtlesim/msg/color.h
[17.728s] -- Installing: /home/qamar/ros2_ws/install/turtlesim/include/turtlesim/turtlesim/msg/pose.h
[17.728s] -- Installing: /home/qamar/ros2_ws/install/turtlesim/include/turtlesim/turtlesim/msg/detail
[17.728s] -- Installing: /home/qamar/ros2_ws/install/turtlesim/include/turtlesim/turtlesim/msg/detail/color__type_support.h
[17.728s] -- Installing: /home/qamar/ros2_ws/install/turtlesim/include/turtlesim/turtlesim/msg/detail/color__struct.h
[17.728s] -- Installing: /home/qamar/ros2_ws/install/turtlesim/include/turtlesim/turtlesim/msg/detail/color__functions.h
[17.728s] -- Installing: /home/qamar/ros2_ws/install/turtlesim/include/turtlesim/turtlesim/msg/detail/pose__functions.h
[17.728s] -- Installing: /home/qamar/ros2_ws/install/turtlesim/include/turtlesim/turtlesim/msg/detail/pose__struct.h
[17.728s] -- Installing: /home/qamar/ros2_ws/install/turtlesim/include/turtlesim/turtlesim/msg/detail/pose__functions.c
[17.729s] -- Installing: /home/qamar/ros2_ws/install/turtlesim/include/turtlesim/turtlesim/msg/detail/pose__type_support.h
[17.729s] -- Installing: /home/qamar/ros2_ws/install/turtlesim/include/turtlesim/turtlesim/msg/detail/color__functions.c
[17.729s] -- Installing: /home/qamar/ros2_ws/install/turtlesim/include/turtlesim/turtlesim/msg/rosidl_generator_c__visibility_control.h
[17.729s] -- Installing: /home/qamar/ros2_ws/install/turtlesim/include/turtlesim/turtlesim/srv
[17.729s] -- Installing: /home/qamar/ros2_ws/install/turtlesim/include/turtlesim/turtlesim/srv/spawn.h
[17.729s] -- Installing: /home/qamar/ros2_ws/install/turtlesim/include/turtlesim/turtlesim/srv/set_pen.h
[17.729s] -- Installing: /home/qamar/ros2_ws/install/turtlesim/include/turtlesim/turtlesim/srv/teleport_relative.h
[17.729s] -- Installing: /home/qamar/ros2_ws/install/turtlesim/include/turtlesim/turtlesim/srv/teleport_absolute.h
[17.729s] -- Installing: /home/qamar/ros2_ws/install/turtlesim/include/turtlesim/turtlesim/srv/kill.h
[17.729s] -- Installing: /home/qamar/ros2_ws/install/turtlesim/include/turtlesim/turtlesim/srv/detail
[17.729s] -- Installing: /home/qamar/ros2_ws/install/turtlesim/include/turtlesim/turtlesim/srv/detail/kill__functions.c
[17.729s] -- Installing: /home/qamar/ros2_ws/install/turtlesim/include/turtlesim/turtlesim/srv/detail/spawn__type_support.h
[17.729s] -- Installing: /home/qamar/ros2_ws/install/turtlesim/include/turtlesim/turtlesim/srv/detail/teleport_relative__functions.c
[17.729s] -- Installing: /home/qamar/ros2_ws/install/turtlesim/include/turtlesim/turtlesim/srv/detail/teleport_absolute__functions.h
[17.729s] -- Installing: /home/qamar/ros2_ws/install/turtlesim/include/turtlesim/turtlesim/srv/detail/teleport_absolute__struct.h
[17.729s] -- Installing: /home/qamar/ros2_ws/install/turtlesim/include/turtlesim/turtlesim/srv/detail/spawn__functions.h
[17.729s] -- Installing: /home/qamar/ros2_ws/install/turtlesim/include/turtlesim/turtlesim/srv/detail/teleport_absolute__functions.c
[17.729s] -- Installing: /home/qamar/ros2_ws/install/turtlesim/include/turtlesim/turtlesim/srv/detail/set_pen__struct.h
[17.729s] -- Installing: /home/qamar/ros2_ws/install/turtlesim/include/turtlesim/turtlesim/srv/detail/kill__type_support.h
[17.729s] -- Installing: /home/qamar/ros2_ws/install/turtlesim/include/turtlesim/turtlesim/srv/detail/teleport_relative__functions.h
[17.729s] -- Installing: /home/qamar/ros2_ws/install/turtlesim/include/turtlesim/turtlesim/srv/detail/teleport_absolute__type_support.h
[17.729s] -- Installing: /home/qamar/ros2_ws/install/turtlesim/include/turtlesim/turtlesim/srv/detail/spawn__struct.h
[17.729s] -- Installing: /home/qamar/ros2_ws/install/turtlesim/include/turtlesim/turtlesim/srv/detail/set_pen__type_support.h
[17.730s] -- Installing: /home/qamar/ros2_ws/install/turtlesim/include/turtlesim/turtlesim/srv/detail/teleport_relative__type_support.h
[17.730s] -- Installing: /home/qamar/ros2_ws/install/turtlesim/include/turtlesim/turtlesim/srv/detail/set_pen__functions.h
[17.730s] -- Installing: /home/qamar/ros2_ws/install/turtlesim/include/turtlesim/turtlesim/srv/detail/set_pen__functions.c
[17.730s] -- Installing: /home/qamar/ros2_ws/install/turtlesim/include/turtlesim/turtlesim/srv/detail/kill__struct.h
[17.730s] -- Installing: /home/qamar/ros2_ws/install/turtlesim/include/turtlesim/turtlesim/srv/detail/teleport_relative__struct.h
[17.730s] -- Installing: /home/qamar/ros2_ws/install/turtlesim/include/turtlesim/turtlesim/srv/detail/spawn__functions.c
[17.730s] -- Installing: /home/qamar/ros2_ws/install/turtlesim/include/turtlesim/turtlesim/srv/detail/kill__functions.h
[17.730s] -- Installing: /home/qamar/ros2_ws/install/turtlesim/include/turtlesim/turtlesim/action
[17.730s] -- Installing: /home/qamar/ros2_ws/install/turtlesim/include/turtlesim/turtlesim/action/detail
[17.730s] -- Installing: /home/qamar/ros2_ws/install/turtlesim/include/turtlesim/turtlesim/action/detail/rotate_absolute__functions.h
[17.730s] -- Installing: /home/qamar/ros2_ws/install/turtlesim/include/turtlesim/turtlesim/action/detail/rotate_absolute__struct.h
[17.730s] -- Installing: /home/qamar/ros2_ws/install/turtlesim/include/turtlesim/turtlesim/action/detail/rotate_absolute__functions.c
[17.730s] -- Installing: /home/qamar/ros2_ws/install/turtlesim/include/turtlesim/turtlesim/action/detail/rotate_absolute__type_support.h
[17.730s] -- Installing: /home/qamar/ros2_ws/install/turtlesim/include/turtlesim/turtlesim/action/rotate_absolute.h
[17.730s] -- Installing: /home/qamar/ros2_ws/install/turtlesim/share/turtlesim/environment/library_path.sh
[17.730s] -- Installing: /home/qamar/ros2_ws/install/turtlesim/share/turtlesim/environment/library_path.dsv
[17.730s] -- Installing: /home/qamar/ros2_ws/install/turtlesim/lib/libturtlesim__rosidl_generator_c.so
[17.730s] -- Set runtime path of "/home/qamar/ros2_ws/install/turtlesim/lib/libturtlesim__rosidl_generator_c.so" to ""
[17.730s] -- Up-to-date: /home/qamar/ros2_ws/install/turtlesim/include/turtlesim/turtlesim
[17.730s] -- Up-to-date: /home/qamar/ros2_ws/install/turtlesim/include/turtlesim/turtlesim/msg
[17.730s] -- Installing: /home/qamar/ros2_ws/install/turtlesim/include/turtlesim/turtlesim/msg/rosidl_typesupport_fastrtps_c__visibility_control.h
[17.731s] -- Up-to-date: /home/qamar/ros2_ws/install/turtlesim/include/turtlesim/turtlesim/msg/detail
[17.731s] -- Installing: /home/qamar/ros2_ws/install/turtlesim/include/turtlesim/turtlesim/msg/detail/color__rosidl_typesupport_fastrtps_c.h
[17.731s] -- Installing: /home/qamar/ros2_ws/install/turtlesim/include/turtlesim/turtlesim/msg/detail/pose__rosidl_typesupport_fastrtps_c.h
[17.731s] -- Up-to-date: /home/qamar/ros2_ws/install/turtlesim/include/turtlesim/turtlesim/srv
[17.731s] -- Up-to-date: /home/qamar/ros2_ws/install/turtlesim/include/turtlesim/turtlesim/srv/detail
[17.731s] -- Installing: /home/qamar/ros2_ws/install/turtlesim/include/turtlesim/turtlesim/srv/detail/teleport_absolute__rosidl_typesupport_fastrtps_c.h
[17.731s] -- Installing: /home/qamar/ros2_ws/install/turtlesim/include/turtlesim/turtlesim/srv/detail/set_pen__rosidl_typesupport_fastrtps_c.h
[17.731s] -- Installing: /home/qamar/ros2_ws/install/turtlesim/include/turtlesim/turtlesim/srv/detail/kill__rosidl_typesupport_fastrtps_c.h
[17.731s] -- Installing: /home/qamar/ros2_ws/install/turtlesim/include/turtlesim/turtlesim/srv/detail/spawn__rosidl_typesupport_fastrtps_c.h
[17.731s] -- Installing: /home/qamar/ros2_ws/install/turtlesim/include/turtlesim/turtlesim/srv/detail/teleport_relative__rosidl_typesupport_fastrtps_c.h
[17.731s] -- Up-to-date: /home/qamar/ros2_ws/install/turtlesim/include/turtlesim/turtlesim/action
[17.731s] -- Up-to-date: /home/qamar/ros2_ws/install/turtlesim/include/turtlesim/turtlesim/action/detail
[17.731s] -- Installing: /home/qamar/ros2_ws/install/turtlesim/include/turtlesim/turtlesim/action/detail/rotate_absolute__rosidl_typesupport_fastrtps_c.h
[17.731s] -- Installing: /home/qamar/ros2_ws/install/turtlesim/lib/libturtlesim__rosidl_typesupport_fastrtps_c.so
[17.731s] -- Set runtime path of "/home/qamar/ros2_ws/install/turtlesim/lib/libturtlesim__rosidl_typesupport_fastrtps_c.so" to ""
[17.731s] -- Up-to-date: /home/qamar/ros2_ws/install/turtlesim/include/turtlesim/turtlesim
[17.731s] -- Up-to-date: /home/qamar/ros2_ws/install/turtlesim/include/turtlesim/turtlesim/msg
[17.731s] -- Installing: /home/qamar/ros2_ws/install/turtlesim/include/turtlesim/turtlesim/msg/color.hpp
[17.731s] -- Installing: /home/qamar/ros2_ws/install/turtlesim/include/turtlesim/turtlesim/msg/pose.hpp
[17.731s] -- Up-to-date: /home/qamar/ros2_ws/install/turtlesim/include/turtlesim/turtlesim/msg/detail
[17.731s] -- Installing: /home/qamar/ros2_ws/install/turtlesim/include/turtlesim/turtlesim/msg/detail/pose__traits.hpp
[17.731s] -- Installing: /home/qamar/ros2_ws/install/turtlesim/include/turtlesim/turtlesim/msg/detail/color__struct.hpp
[17.731s] -- Installing: /home/qamar/ros2_ws/install/turtlesim/include/turtlesim/turtlesim/msg/detail/pose__builder.hpp
[17.732s] -- Installing: /home/qamar/ros2_ws/install/turtlesim/include/turtlesim/turtlesim/msg/detail/color__traits.hpp
[17.732s] -- Installing: /home/qamar/ros2_ws/install/turtlesim/include/turtlesim/turtlesim/msg/detail/pose__struct.hpp
[17.732s] -- Installing: /home/qamar/ros2_ws/install/turtlesim/include/turtlesim/turtlesim/msg/detail/color__builder.hpp
[17.732s] -- Up-to-date: /home/qamar/ros2_ws/install/turtlesim/include/turtlesim/turtlesim/srv
[17.732s] -- Installing: /home/qamar/ros2_ws/install/turtlesim/include/turtlesim/turtlesim/srv/teleport_absolute.hpp
[17.732s] -- Installing: /home/qamar/ros2_ws/install/turtlesim/include/turtlesim/turtlesim/srv/set_pen.hpp
[17.732s] -- Installing: /home/qamar/ros2_ws/install/turtlesim/include/turtlesim/turtlesim/srv/spawn.hpp
[17.732s] -- Installing: /home/qamar/ros2_ws/install/turtlesim/include/turtlesim/turtlesim/srv/teleport_relative.hpp
[17.732s] -- Installing: /home/qamar/ros2_ws/install/turtlesim/include/turtlesim/turtlesim/srv/kill.hpp
[17.732s] -- Up-to-date: /home/qamar/ros2_ws/install/turtlesim/include/turtlesim/turtlesim/srv/detail
[17.732s] -- Installing: /home/qamar/ros2_ws/install/turtlesim/include/turtlesim/turtlesim/srv/detail/teleport_absolute__struct.hpp
[17.732s] -- Installing: /home/qamar/ros2_ws/install/turtlesim/include/turtlesim/turtlesim/srv/detail/spawn__builder.hpp
[17.732s] -- Installing: /home/qamar/ros2_ws/install/turtlesim/include/turtlesim/turtlesim/srv/detail/teleport_absolute__builder.hpp
[17.732s] -- Installing: /home/qamar/ros2_ws/install/turtlesim/include/turtlesim/turtlesim/srv/detail/set_pen__struct.hpp
[17.732s] -- Installing: /home/qamar/ros2_ws/install/turtlesim/include/turtlesim/turtlesim/srv/detail/spawn__traits.hpp
[17.732s] -- Installing: /home/qamar/ros2_ws/install/turtlesim/include/turtlesim/turtlesim/srv/detail/teleport_relative__struct.hpp
[17.732s] -- Installing: /home/qamar/ros2_ws/install/turtlesim/include/turtlesim/turtlesim/srv/detail/kill__builder.hpp
[17.732s] -- Installing: /home/qamar/ros2_ws/install/turtlesim/include/turtlesim/turtlesim/srv/detail/set_pen__builder.hpp
[17.732s] -- Installing: /home/qamar/ros2_ws/install/turtlesim/include/turtlesim/turtlesim/srv/detail/teleport_relative__builder.hpp
[17.732s] -- Installing: /home/qamar/ros2_ws/install/turtlesim/include/turtlesim/turtlesim/srv/detail/teleport_absolute__traits.hpp
[17.732s] -- Installing: /home/qamar/ros2_ws/install/turtlesim/include/turtlesim/turtlesim/srv/detail/set_pen__traits.hpp
[17.732s] -- Installing: /home/qamar/ros2_ws/install/turtlesim/include/turtlesim/turtlesim/srv/detail/teleport_relative__traits.hpp
[17.732s] -- Installing: /home/qamar/ros2_ws/install/turtlesim/include/turtlesim/turtlesim/srv/detail/spawn__struct.hpp
[17.732s] -- Installing: /home/qamar/ros2_ws/install/turtlesim/include/turtlesim/turtlesim/srv/detail/kill__traits.hpp
[17.733s] -- Installing: /home/qamar/ros2_ws/install/turtlesim/include/turtlesim/turtlesim/srv/detail/kill__struct.hpp
[17.733s] -- Up-to-date: /home/qamar/ros2_ws/install/turtlesim/include/turtlesim/turtlesim/action
[17.733s] -- Installing: /home/qamar/ros2_ws/install/turtlesim/include/turtlesim/turtlesim/action/rotate_absolute.hpp
[17.733s] -- Up-to-date: /home/qamar/ros2_ws/install/turtlesim/include/turtlesim/turtlesim/action/detail
[17.733s] -- Installing: /home/qamar/ros2_ws/install/turtlesim/include/turtlesim/turtlesim/action/detail/rotate_absolute__struct.hpp
[17.733s] -- Installing: /home/qamar/ros2_ws/install/turtlesim/include/turtlesim/turtlesim/action/detail/rotate_absolute__traits.hpp
[17.733s] -- Installing: /home/qamar/ros2_ws/install/turtlesim/include/turtlesim/turtlesim/action/detail/rotate_absolute__builder.hpp
[17.733s] -- Up-to-date: /home/qamar/ros2_ws/install/turtlesim/include/turtlesim/turtlesim
[17.733s] -- Up-to-date: /home/qamar/ros2_ws/install/turtlesim/include/turtlesim/turtlesim/msg
[17.733s] -- Installing: /home/qamar/ros2_ws/install/turtlesim/include/turtlesim/turtlesim/msg/rosidl_typesupport_fastrtps_cpp__visibility_control.h
[17.733s] -- Up-to-date: /home/qamar/ros2_ws/install/turtlesim/include/turtlesim/turtlesim/msg/detail
[17.733s] -- Installing: /home/qamar/ros2_ws/install/turtlesim/include/turtlesim/turtlesim/msg/detail/pose__rosidl_typesupport_fastrtps_cpp.hpp
[17.733s] -- Installing: /home/qamar/ros2_ws/install/turtlesim/include/turtlesim/turtlesim/msg/detail/color__rosidl_typesupport_fastrtps_cpp.hpp
[17.733s] -- Installing: /home/qamar/ros2_ws/install/turtlesim/include/turtlesim/turtlesim/msg/detail/dds_fastrtps
[17.733s] -- Up-to-date: /home/qamar/ros2_ws/install/turtlesim/include/turtlesim/turtlesim/srv
[17.733s] -- Up-to-date: /home/qamar/ros2_ws/install/turtlesim/include/turtlesim/turtlesim/srv/detail
[17.733s] -- Installing: /home/qamar/ros2_ws/install/turtlesim/include/turtlesim/turtlesim/srv/detail/kill__rosidl_typesupport_fastrtps_cpp.hpp
[17.733s] -- Installing: /home/qamar/ros2_ws/install/turtlesim/include/turtlesim/turtlesim/srv/detail/dds_fastrtps
[17.733s] -- Installing: /home/qamar/ros2_ws/install/turtlesim/include/turtlesim/turtlesim/srv/detail/set_pen__rosidl_typesupport_fastrtps_cpp.hpp
[17.733s] -- Installing: /home/qamar/ros2_ws/install/turtlesim/include/turtlesim/turtlesim/srv/detail/teleport_absolute__rosidl_typesupport_fastrtps_cpp.hpp
[17.733s] -- Installing: /home/qamar/ros2_ws/install/turtlesim/include/turtlesim/turtlesim/srv/detail/spawn__rosidl_typesupport_fastrtps_cpp.hpp
[17.733s] -- Installing: /home/qamar/ros2_ws/install/turtlesim/include/turtlesim/turtlesim/srv/detail/teleport_relative__rosidl_typesupport_fastrtps_cpp.hpp
[17.733s] -- Up-to-date: /home/qamar/ros2_ws/install/turtlesim/include/turtlesim/turtlesim/action
[17.733s] -- Up-to-date: /home/qamar/ros2_ws/install/turtlesim/include/turtlesim/turtlesim/action/detail
[17.733s] -- Installing: /home/qamar/ros2_ws/install/turtlesim/include/turtlesim/turtlesim/action/detail/rotate_absolute__rosidl_typesupport_fastrtps_cpp.hpp
[17.733s] -- Installing: /home/qamar/ros2_ws/install/turtlesim/include/turtlesim/turtlesim/action/detail/dds_fastrtps
[17.734s] -- Installing: /home/qamar/ros2_ws/install/turtlesim/lib/libturtlesim__rosidl_typesupport_fastrtps_cpp.so
[17.734s] -- Set runtime path of "/home/qamar/ros2_ws/install/turtlesim/lib/libturtlesim__rosidl_typesupport_fastrtps_cpp.so" to ""
[17.734s] -- Up-to-date: /home/qamar/ros2_ws/install/turtlesim/include/turtlesim/turtlesim
[17.734s] -- Up-to-date: /home/qamar/ros2_ws/install/turtlesim/include/turtlesim/turtlesim/msg
[17.734s] -- Installing: /home/qamar/ros2_ws/install/turtlesim/include/turtlesim/turtlesim/msg/rosidl_typesupport_introspection_c__visibility_control.h
[17.734s] -- Up-to-date: /home/qamar/ros2_ws/install/turtlesim/include/turtlesim/turtlesim/msg/detail
[17.734s] -- Installing: /home/qamar/ros2_ws/install/turtlesim/include/turtlesim/turtlesim/msg/detail/color__rosidl_typesupport_introspection_c.h
[17.734s] -- Installing: /home/qamar/ros2_ws/install/turtlesim/include/turtlesim/turtlesim/msg/detail/pose__type_support.c
[17.734s] -- Installing: /home/qamar/ros2_ws/install/turtlesim/include/turtlesim/turtlesim/msg/detail/pose__rosidl_typesupport_introspection_c.h
[17.734s] -- Installing: /home/qamar/ros2_ws/install/turtlesim/include/turtlesim/turtlesim/msg/detail/color__type_support.c
[17.734s] -- Up-to-date: /home/qamar/ros2_ws/install/turtlesim/include/turtlesim/turtlesim/srv
[17.734s] -- Up-to-date: /home/qamar/ros2_ws/install/turtlesim/include/turtlesim/turtlesim/srv/detail
[17.734s] -- Installing: /home/qamar/ros2_ws/install/turtlesim/include/turtlesim/turtlesim/srv/detail/teleport_relative__rosidl_typesupport_introspection_c.h
[17.734s] -- Installing: /home/qamar/ros2_ws/install/turtlesim/include/turtlesim/turtlesim/srv/detail/set_pen__type_support.c
[17.734s] -- Installing: /home/qamar/ros2_ws/install/turtlesim/include/turtlesim/turtlesim/srv/detail/teleport_relative__type_support.c
[17.734s] -- Installing: /home/qamar/ros2_ws/install/turtlesim/include/turtlesim/turtlesim/srv/detail/teleport_absolute__type_support.c
[17.734s] -- Installing: /home/qamar/ros2_ws/install/turtlesim/include/turtlesim/turtlesim/srv/detail/spawn__type_support.c
[17.734s] -- Installing: /home/qamar/ros2_ws/install/turtlesim/include/turtlesim/turtlesim/srv/detail/kill__type_support.c
[17.734s] -- Installing: /home/qamar/ros2_ws/install/turtlesim/include/turtlesim/turtlesim/srv/detail/kill__rosidl_typesupport_introspection_c.h
[17.734s] -- Installing: /home/qamar/ros2_ws/install/turtlesim/include/turtlesim/turtlesim/srv/detail/set_pen__rosidl_typesupport_introspection_c.h
[17.734s] -- Installing: /home/qamar/ros2_ws/install/turtlesim/include/turtlesim/turtlesim/srv/detail/spawn__rosidl_typesupport_introspection_c.h
[17.734s] -- Installing: /home/qamar/ros2_ws/install/turtlesim/include/turtlesim/turtlesim/srv/detail/teleport_absolute__rosidl_typesupport_introspection_c.h
[17.734s] -- Up-to-date: /home/qamar/ros2_ws/install/turtlesim/include/turtlesim/turtlesim/action
[17.734s] -- Up-to-date: /home/qamar/ros2_ws/install/turtlesim/include/turtlesim/turtlesim/action/detail
[17.734s] -- Installing: /home/qamar/ros2_ws/install/turtlesim/include/turtlesim/turtlesim/action/detail/rotate_absolute__rosidl_typesupport_introspection_c.h
[17.734s] -- Installing: /home/qamar/ros2_ws/install/turtlesim/include/turtlesim/turtlesim/action/detail/rotate_absolute__type_support.c
[17.735s] -- Installing: /home/qamar/ros2_ws/install/turtlesim/lib/libturtlesim__rosidl_typesupport_introspection_c.so
[17.735s] -- Set runtime path of "/home/qamar/ros2_ws/install/turtlesim/lib/libturtlesim__rosidl_typesupport_introspection_c.so" to ""
[17.735s] -- Installing: /home/qamar/ros2_ws/install/turtlesim/lib/libturtlesim__rosidl_typesupport_c.so
[17.735s] -- Set runtime path of "/home/qamar/ros2_ws/install/turtlesim/lib/libturtlesim__rosidl_typesupport_c.so" to ""
[17.735s] -- Up-to-date: /home/qamar/ros2_ws/install/turtlesim/include/turtlesim/turtlesim
[17.735s] -- Up-to-date: /home/qamar/ros2_ws/install/turtlesim/include/turtlesim/turtlesim/msg
[17.735s] -- Up-to-date: /home/qamar/ros2_ws/install/turtlesim/include/turtlesim/turtlesim/msg/detail
[17.735s] -- Installing: /home/qamar/ros2_ws/install/turtlesim/include/turtlesim/turtlesim/msg/detail/color__type_support.cpp
[17.735s] -- Installing: /home/qamar/ros2_ws/install/turtlesim/include/turtlesim/turtlesim/msg/detail/color__rosidl_typesupport_introspection_cpp.hpp
[17.735s] -- Installing: /home/qamar/ros2_ws/install/turtlesim/include/turtlesim/turtlesim/msg/detail/pose__rosidl_typesupport_introspection_cpp.hpp
[17.735s] -- Installing: /home/qamar/ros2_ws/install/turtlesim/include/turtlesim/turtlesim/msg/detail/pose__type_support.cpp
[17.735s] -- Up-to-date: /home/qamar/ros2_ws/install/turtlesim/include/turtlesim/turtlesim/srv
[17.735s] -- Up-to-date: /home/qamar/ros2_ws/install/turtlesim/include/turtlesim/turtlesim/srv/detail
[17.735s] -- Installing: /home/qamar/ros2_ws/install/turtlesim/include/turtlesim/turtlesim/srv/detail/kill__type_support.cpp
[17.735s] -- Installing: /home/qamar/ros2_ws/install/turtlesim/include/turtlesim/turtlesim/srv/detail/set_pen__rosidl_typesupport_introspection_cpp.hpp
[17.735s] -- Installing: /home/qamar/ros2_ws/install/turtlesim/include/turtlesim/turtlesim/srv/detail/set_pen__type_support.cpp
[17.735s] -- Installing: /home/qamar/ros2_ws/install/turtlesim/include/turtlesim/turtlesim/srv/detail/kill__rosidl_typesupport_introspection_cpp.hpp
[17.735s] -- Installing: /home/qamar/ros2_ws/install/turtlesim/include/turtlesim/turtlesim/srv/detail/teleport_relative__rosidl_typesupport_introspection_cpp.hpp
[17.735s] -- Installing: /home/qamar/ros2_ws/install/turtlesim/include/turtlesim/turtlesim/srv/detail/spawn__type_support.cpp
[17.735s] -- Installing: /home/qamar/ros2_ws/install/turtlesim/include/turtlesim/turtlesim/srv/detail/teleport_absolute__type_support.cpp
[17.735s] -- Installing: /home/qamar/ros2_ws/install/turtlesim/include/turtlesim/turtlesim/srv/detail/teleport_relative__type_support.cpp
[17.735s] -- Installing: /home/qamar/ros2_ws/install/turtlesim/include/turtlesim/turtlesim/srv/detail/spawn__rosidl_typesupport_introspection_cpp.hpp
[17.735s] -- Installing: /home/qamar/ros2_ws/install/turtlesim/include/turtlesim/turtlesim/srv/detail/teleport_absolute__rosidl_typesupport_introspection_cpp.hpp
[17.735s] -- Up-to-date: /home/qamar/ros2_ws/install/turtlesim/include/turtlesim/turtlesim/action
[17.736s] -- Up-to-date: /home/qamar/ros2_ws/install/turtlesim/include/turtlesim/turtlesim/action/detail
[17.736s] -- Installing: /home/qamar/ros2_ws/install/turtlesim/include/turtlesim/turtlesim/action/detail/rotate_absolute__type_support.cpp
[17.736s] -- Installing: /home/qamar/ros2_ws/install/turtlesim/include/turtlesim/turtlesim/action/detail/rotate_absolute__rosidl_typesupport_introspection_cpp.hpp
[17.736s] -- Installing: /home/qamar/ros2_ws/install/turtlesim/lib/libturtlesim__rosidl_typesupport_introspection_cpp.so
[17.736s] -- Set runtime path of "/home/qamar/ros2_ws/install/turtlesim/lib/libturtlesim__rosidl_typesupport_introspection_cpp.so" to ""
[17.736s] -- Installing: /home/qamar/ros2_ws/install/turtlesim/lib/libturtlesim__rosidl_typesupport_cpp.so
[17.736s] -- Set runtime path of "/home/qamar/ros2_ws/install/turtlesim/lib/libturtlesim__rosidl_typesupport_cpp.so" to ""
[17.736s] -- Installing: /home/qamar/ros2_ws/install/turtlesim/share/turtlesim/environment/pythonpath.sh
[17.736s] -- Installing: /home/qamar/ros2_ws/install/turtlesim/share/turtlesim/environment/pythonpath.dsv
[17.736s] -- Installing: /home/qamar/ros2_ws/install/turtlesim/local/lib/python3.10/dist-packages/turtlesim-1.4.1-py3.10.egg-info
[17.736s] -- Installing: /home/qamar/ros2_ws/install/turtlesim/local/lib/python3.10/dist-packages/turtlesim-1.4.1-py3.10.egg-info/SOURCES.txt
[17.736s] -- Installing: /home/qamar/ros2_ws/install/turtlesim/local/lib/python3.10/dist-packages/turtlesim-1.4.1-py3.10.egg-info/dependency_links.txt
[17.736s] -- Installing: /home/qamar/ros2_ws/install/turtlesim/local/lib/python3.10/dist-packages/turtlesim-1.4.1-py3.10.egg-info/PKG-INFO
[17.736s] -- Installing: /home/qamar/ros2_ws/install/turtlesim/local/lib/python3.10/dist-packages/turtlesim-1.4.1-py3.10.egg-info/top_level.txt
[17.736s] -- Installing: /home/qamar/ros2_ws/install/turtlesim/local/lib/python3.10/dist-packages/turtlesim
[17.736s] -- Installing: /home/qamar/ros2_ws/install/turtlesim/local/lib/python3.10/dist-packages/turtlesim/__init__.py
[17.736s] -- Installing: /home/qamar/ros2_ws/install/turtlesim/local/lib/python3.10/dist-packages/turtlesim/msg
[17.736s] -- Installing: /home/qamar/ros2_ws/install/turtlesim/local/lib/python3.10/dist-packages/turtlesim/msg/__init__.py
[17.736s] -- Installing: /home/qamar/ros2_ws/install/turtlesim/local/lib/python3.10/dist-packages/turtlesim/msg/_pose_s.c
[17.736s] -- Installing: /home/qamar/ros2_ws/install/turtlesim/local/lib/python3.10/dist-packages/turtlesim/msg/_color_s.c
[17.736s] -- Installing: /home/qamar/ros2_ws/install/turtlesim/local/lib/python3.10/dist-packages/turtlesim/msg/_pose.py
[17.736s] -- Installing: /home/qamar/ros2_ws/install/turtlesim/local/lib/python3.10/dist-packages/turtlesim/msg/_color.py
[17.736s] -- Installing: /home/qamar/ros2_ws/install/turtlesim/local/lib/python3.10/dist-packages/turtlesim/srv
[17.737s] -- Installing: /home/qamar/ros2_ws/install/turtlesim/local/lib/python3.10/dist-packages/turtlesim/srv/__init__.py
[17.737s] -- Installing: /home/qamar/ros2_ws/install/turtlesim/local/lib/python3.10/dist-packages/turtlesim/srv/_teleport_absolute.py
[17.737s] -- Installing: /home/qamar/ros2_ws/install/turtlesim/local/lib/python3.10/dist-packages/turtlesim/srv/_set_pen_s.c
[17.737s] -- Installing: /home/qamar/ros2_ws/install/turtlesim/local/lib/python3.10/dist-packages/turtlesim/srv/_teleport_relative_s.c
[17.737s] -- Installing: /home/qamar/ros2_ws/install/turtlesim/local/lib/python3.10/dist-packages/turtlesim/srv/_teleport_absolute_s.c
[17.737s] -- Installing: /home/qamar/ros2_ws/install/turtlesim/local/lib/python3.10/dist-packages/turtlesim/srv/_spawn.py
[17.737s] -- Installing: /home/qamar/ros2_ws/install/turtlesim/local/lib/python3.10/dist-packages/turtlesim/srv/_set_pen.py
[17.737s] -- Installing: /home/qamar/ros2_ws/install/turtlesim/local/lib/python3.10/dist-packages/turtlesim/srv/_teleport_relative.py
[17.737s] -- Installing: /home/qamar/ros2_ws/install/turtlesim/local/lib/python3.10/dist-packages/turtlesim/srv/_kill_s.c
[17.737s] -- Installing: /home/qamar/ros2_ws/install/turtlesim/local/lib/python3.10/dist-packages/turtlesim/srv/_kill.py
[17.737s] -- Installing: /home/qamar/ros2_ws/install/turtlesim/local/lib/python3.10/dist-packages/turtlesim/srv/_spawn_s.c
[17.737s] -- Installing: /home/qamar/ros2_ws/install/turtlesim/local/lib/python3.10/dist-packages/turtlesim/_turtlesim_s.ep.rosidl_typesupport_introspection_c.c
[17.737s] -- Installing: /home/qamar/ros2_ws/install/turtlesim/local/lib/python3.10/dist-packages/turtlesim/_turtlesim_s.ep.rosidl_typesupport_c.c
[17.737s] -- Installing: /home/qamar/ros2_ws/install/turtlesim/local/lib/python3.10/dist-packages/turtlesim/action
[17.737s] -- Installing: /home/qamar/ros2_ws/install/turtlesim/local/lib/python3.10/dist-packages/turtlesim/action/__init__.py
[17.737s] -- Installing: /home/qamar/ros2_ws/install/turtlesim/local/lib/python3.10/dist-packages/turtlesim/action/_rotate_absolute.py
[17.737s] -- Installing: /home/qamar/ros2_ws/install/turtlesim/local/lib/python3.10/dist-packages/turtlesim/action/_rotate_absolute_s.c
[17.737s] -- Installing: /home/qamar/ros2_ws/install/turtlesim/local/lib/python3.10/dist-packages/turtlesim/turtlesim_s__rosidl_typesupport_introspection_c.cpython-310-x86_64-linux-gnu.so
[17.737s] -- Installing: /home/qamar/ros2_ws/install/turtlesim/local/lib/python3.10/dist-packages/turtlesim/turtlesim_s__rosidl_typesupport_c.cpython-310-x86_64-linux-gnu.so
[17.737s] -- Installing: /home/qamar/ros2_ws/install/turtlesim/local/lib/python3.10/dist-packages/turtlesim/_turtlesim_s.ep.rosidl_typesupport_fastrtps_c.c
[17.738s] -- Installing: /home/qamar/ros2_ws/install/turtlesim/local/lib/python3.10/dist-packages/turtlesim/libturtlesim__rosidl_generator_py.so
[17.738s] -- Installing: /home/qamar/ros2_ws/install/turtlesim/local/lib/python3.10/dist-packages/turtlesim/turtlesim_s__rosidl_typesupport_fastrtps_c.cpython-310-x86_64-linux-gnu.so
[17.767s] Listing '/home/qamar/ros2_ws/install/turtlesim/local/lib/python3.10/dist-packages/turtlesim'...
[17.767s] Compiling '/home/qamar/ros2_ws/install/turtlesim/local/lib/python3.10/dist-packages/turtlesim/__init__.py'...
[17.767s] Listing '/home/qamar/ros2_ws/install/turtlesim/local/lib/python3.10/dist-packages/turtlesim/action'...
[17.767s] Compiling '/home/qamar/ros2_ws/install/turtlesim/local/lib/python3.10/dist-packages/turtlesim/action/__init__.py'...
[17.767s] Compiling '/home/qamar/ros2_ws/install/turtlesim/local/lib/python3.10/dist-packages/turtlesim/action/_rotate_absolute.py'...
[17.767s] Listing '/home/qamar/ros2_ws/install/turtlesim/local/lib/python3.10/dist-packages/turtlesim/msg'...
[17.767s] Compiling '/home/qamar/ros2_ws/install/turtlesim/local/lib/python3.10/dist-packages/turtlesim/msg/__init__.py'...
[17.767s] Compiling '/home/qamar/ros2_ws/install/turtlesim/local/lib/python3.10/dist-packages/turtlesim/msg/_color.py'...
[17.767s] Compiling '/home/qamar/ros2_ws/install/turtlesim/local/lib/python3.10/dist-packages/turtlesim/msg/_pose.py'...
[17.767s] Listing '/home/qamar/ros2_ws/install/turtlesim/local/lib/python3.10/dist-packages/turtlesim/srv'...
[17.767s] Compiling '/home/qamar/ros2_ws/install/turtlesim/local/lib/python3.10/dist-packages/turtlesim/srv/__init__.py'...
[17.767s] Compiling '/home/qamar/ros2_ws/install/turtlesim/local/lib/python3.10/dist-packages/turtlesim/srv/_kill.py'...
[17.767s] Compiling '/home/qamar/ros2_ws/install/turtlesim/local/lib/python3.10/dist-packages/turtlesim/srv/_set_pen.py'...
[17.767s] Compiling '/home/qamar/ros2_ws/install/turtlesim/local/lib/python3.10/dist-packages/turtlesim/srv/_spawn.py'...
[17.767s] Compiling '/home/qamar/ros2_ws/install/turtlesim/local/lib/python3.10/dist-packages/turtlesim/srv/_teleport_absolute.py'...
[17.767s] Compiling '/home/qamar/ros2_ws/install/turtlesim/local/lib/python3.10/dist-packages/turtlesim/srv/_teleport_relative.py'...
[17.769s] -- Installing: /home/qamar/ros2_ws/install/turtlesim/local/lib/python3.10/dist-packages/turtlesim/turtlesim_s__rosidl_typesupport_fastrtps_c.cpython-310-x86_64-linux-gnu.so
[17.770s] -- Set runtime path of "/home/qamar/ros2_ws/install/turtlesim/local/lib/python3.10/dist-packages/turtlesim/turtlesim_s__rosidl_typesupport_fastrtps_c.cpython-310-x86_64-linux-gnu.so" to ""
[17.770s] -- Installing: /home/qamar/ros2_ws/install/turtlesim/local/lib/python3.10/dist-packages/turtlesim/turtlesim_s__rosidl_typesupport_introspection_c.cpython-310-x86_64-linux-gnu.so
[17.770s] -- Set runtime path of "/home/qamar/ros2_ws/install/turtlesim/local/lib/python3.10/dist-packages/turtlesim/turtlesim_s__rosidl_typesupport_introspection_c.cpython-310-x86_64-linux-gnu.so" to ""
[17.770s] -- Installing: /home/qamar/ros2_ws/install/turtlesim/local/lib/python3.10/dist-packages/turtlesim/turtlesim_s__rosidl_typesupport_c.cpython-310-x86_64-linux-gnu.so
[17.770s] -- Set runtime path of "/home/qamar/ros2_ws/install/turtlesim/local/lib/python3.10/dist-packages/turtlesim/turtlesim_s__rosidl_typesupport_c.cpython-310-x86_64-linux-gnu.so" to ""
[17.771s] -- Installing: /home/qamar/ros2_ws/install/turtlesim/lib/libturtlesim__rosidl_generator_py.so
[17.771s] -- Set runtime path of "/home/qamar/ros2_ws/install/turtlesim/lib/libturtlesim__rosidl_generator_py.so" to ""
[17.771s] -- Installing: /home/qamar/ros2_ws/install/turtlesim/share/turtlesim/action/RotateAbsolute.idl
[17.771s] -- Installing: /home/qamar/ros2_ws/install/turtlesim/share/turtlesim/msg/Color.idl
[17.771s] -- Installing: /home/qamar/ros2_ws/install/turtlesim/share/turtlesim/msg/Pose.idl
[17.771s] -- Installing: /home/qamar/ros2_ws/install/turtlesim/share/turtlesim/srv/Kill.idl
[17.771s] -- Installing: /home/qamar/ros2_ws/install/turtlesim/share/turtlesim/srv/SetPen.idl
[17.771s] -- Installing: /home/qamar/ros2_ws/install/turtlesim/share/turtlesim/srv/Spawn.idl
[17.771s] -- Installing: /home/qamar/ros2_ws/install/turtlesim/share/turtlesim/srv/TeleportAbsolute.idl
[17.771s] -- Installing: /home/qamar/ros2_ws/install/turtlesim/share/turtlesim/srv/TeleportRelative.idl
[17.771s] -- Installing: /home/qamar/ros2_ws/install/turtlesim/share/turtlesim/action/RotateAbsolute.action
[17.771s] -- Installing: /home/qamar/ros2_ws/install/turtlesim/share/turtlesim/msg/Color.msg
[17.771s] -- Installing: /home/qamar/ros2_ws/install/turtlesim/share/turtlesim/msg/Pose.msg
[17.771s] -- Installing: /home/qamar/ros2_ws/install/turtlesim/share/turtlesim/srv/Kill.srv
[17.771s] -- Installing: /home/qamar/ros2_ws/install/turtlesim/share/turtlesim/srv/Kill_Request.msg
[17.771s] -- Installing: /home/qamar/ros2_ws/install/turtlesim/share/turtlesim/srv/Kill_Response.msg
[17.771s] -- Installing: /home/qamar/ros2_ws/install/turtlesim/share/turtlesim/srv/SetPen.srv
[17.771s] -- Installing: /home/qamar/ros2_ws/install/turtlesim/share/turtlesim/srv/SetPen_Request.msg
[17.772s] -- Installing: /home/qamar/ros2_ws/install/turtlesim/share/turtlesim/srv/SetPen_Response.msg
[17.772s] -- Installing: /home/qamar/ros2_ws/install/turtlesim/share/turtlesim/srv/Spawn.srv
[17.772s] -- Installing: /home/qamar/ros2_ws/install/turtlesim/share/turtlesim/srv/Spawn_Request.msg
[17.772s] -- Installing: /home/qamar/ros2_ws/install/turtlesim/share/turtlesim/srv/Spawn_Response.msg
[17.772s] -- Installing: /home/qamar/ros2_ws/install/turtlesim/share/turtlesim/srv/TeleportAbsolute.srv
[17.772s] -- Installing: /home/qamar/ros2_ws/install/turtlesim/share/turtlesim/srv/TeleportAbsolute_Request.msg
[17.772s] -- Installing: /home/qamar/ros2_ws/install/turtlesim/share/turtlesim/srv/TeleportAbsolute_Response.msg
[17.772s] -- Installing: /home/qamar/ros2_ws/install/turtlesim/share/turtlesim/srv/TeleportRelative.srv
[17.772s] -- Installing: /home/qamar/ros2_ws/install/turtlesim/share/turtlesim/srv/TeleportRelative_Request.msg
[17.772s] -- Installing: /home/qamar/ros2_ws/install/turtlesim/share/turtlesim/srv/TeleportRelative_Response.msg
[17.772s] -- Installing: /home/qamar/ros2_ws/install/turtlesim/lib/turtlesim/turtlesim_node
[17.776s] -- Set runtime path of "/home/qamar/ros2_ws/install/turtlesim/lib/turtlesim/turtlesim_node" to ""
[17.776s] -- Installing: /home/qamar/ros2_ws/install/turtlesim/lib/turtlesim/turtle_teleop_key
[17.777s] -- Set runtime path of "/home/qamar/ros2_ws/install/turtlesim/lib/turtlesim/turtle_teleop_key" to ""
[17.777s] -- Installing: /home/qamar/ros2_ws/install/turtlesim/lib/turtlesim/draw_square
[17.779s] -- Set runtime path of "/home/qamar/ros2_ws/install/turtlesim/lib/turtlesim/draw_square" to ""
[17.780s] -- Installing: /home/qamar/ros2_ws/install/turtlesim/lib/turtlesim/mimic
[17.781s] -- Set runtime path of "/home/qamar/ros2_ws/install/turtlesim/lib/turtlesim/mimic" to ""
[17.781s] -- Installing: /home/qamar/ros2_ws/install/turtlesim/share/turtlesim/images
[17.781s] -- Installing: /home/qamar/ros2_ws/install/turtlesim/share/turtlesim/images/foxy.png
[17.781s] -- Installing: /home/qamar/ros2_ws/install/turtlesim/share/turtlesim/images/dashing.png
[17.781s] -- Installing: /home/qamar/ros2_ws/install/turtlesim/share/turtlesim/images/ardent.png
[17.781s] -- Installing: /home/qamar/ros2_ws/install/turtlesim/share/turtlesim/images/crystal.png
[17.782s] -- Installing: /home/qamar/ros2_ws/install/turtlesim/share/turtlesim/images/humble.png
[17.782s] -- Installing: /home/qamar/ros2_ws/install/turtlesim/share/turtlesim/images/bouncy.png
[17.782s] -- Installing: /home/qamar/ros2_ws/install/turtlesim/share/turtlesim/images/galactic.png
[17.782s] -- Installing: /home/qamar/ros2_ws/install/turtlesim/share/turtlesim/images/eloquent.png
[17.782s] -- Installing: /home/qamar/ros2_ws/install/turtlesim/share/turtlesim/images/rolling.png
[17.782s] -- Installing: /home/qamar/ros2_ws/install/turtlesim/share/turtlesim/launch
[17.782s] -- Installing: /home/qamar/ros2_ws/install/turtlesim/share/turtlesim/launch/multisim.launch.py
[17.782s] -- Installing: /home/qamar/ros2_ws/install/turtlesim/share/ament_index/resource_index/package_run_dependencies/turtlesim
[17.782s] -- Installing: /home/qamar/ros2_ws/install/turtlesim/share/ament_index/resource_index/parent_prefix_path/turtlesim
[17.782s] -- Installing: /home/qamar/ros2_ws/install/turtlesim/share/turtlesim/environment/ament_prefix_path.sh
[17.782s] -- Installing: /home/qamar/ros2_ws/install/turtlesim/share/turtlesim/environment/ament_prefix_path.dsv
[17.782s] -- Installing: /home/qamar/ros2_ws/install/turtlesim/share/turtlesim/environment/path.sh
[17.782s] -- Installing: /home/qamar/ros2_ws/install/turtlesim/share/turtlesim/environment/path.dsv
[17.782s] -- Installing: /home/qamar/ros2_ws/install/turtlesim/share/turtlesim/local_setup.bash
[17.782s] -- Installing: /home/qamar/ros2_ws/install/turtlesim/share/turtlesim/local_setup.sh
[17.782s] -- Installing: /home/qamar/ros2_ws/install/turtlesim/share/turtlesim/local_setup.zsh
[17.782s] -- Installing: /home/qamar/ros2_ws/install/turtlesim/share/turtlesim/local_setup.dsv
[17.782s] -- Installing: /home/qamar/ros2_ws/install/turtlesim/share/turtlesim/package.dsv
[17.782s] -- Installing: /home/qamar/ros2_ws/install/turtlesim/share/ament_index/resource_index/packages/turtlesim
[17.782s] -- Installing: /home/qamar/ros2_ws/install/turtlesim/share/turtlesim/cmake/export_turtlesim__rosidl_generator_cExport.cmake
[17.782s] -- Installing: /home/qamar/ros2_ws/install/turtlesim/share/turtlesim/cmake/export_turtlesim__rosidl_generator_cExport-noconfig.cmake
[17.783s] -- Installing: /home/qamar/ros2_ws/install/turtlesim/share/turtlesim/cmake/export_turtlesim__rosidl_typesupport_fastrtps_cExport.cmake
[17.783s] -- Installing: /home/qamar/ros2_ws/install/turtlesim/share/turtlesim/cmake/export_turtlesim__rosidl_typesupport_fastrtps_cExport-noconfig.cmake
[17.783s] -- Installing: /home/qamar/ros2_ws/install/turtlesim/share/turtlesim/cmake/export_turtlesim__rosidl_generator_cppExport.cmake
[17.783s] -- Installing: /home/qamar/ros2_ws/install/turtlesim/share/turtlesim/cmake/export_turtlesim__rosidl_typesupport_fastrtps_cppExport.cmake
[17.783s] -- Installing: /home/qamar/ros2_ws/install/turtlesim/share/turtlesim/cmake/export_turtlesim__rosidl_typesupport_fastrtps_cppExport-noconfig.cmake
[17.783s] -- Installing: /home/qamar/ros2_ws/install/turtlesim/share/turtlesim/cmake/turtlesim__rosidl_typesupport_introspection_cExport.cmake
[17.783s] -- Installing: /home/qamar/ros2_ws/install/turtlesim/share/turtlesim/cmake/turtlesim__rosidl_typesupport_introspection_cExport-noconfig.cmake
[17.783s] -- Installing: /home/qamar/ros2_ws/install/turtlesim/share/turtlesim/cmake/turtlesim__rosidl_typesupport_cExport.cmake
[17.783s] -- Installing: /home/qamar/ros2_ws/install/turtlesim/share/turtlesim/cmake/turtlesim__rosidl_typesupport_cExport-noconfig.cmake
[17.783s] -- Installing: /home/qamar/ros2_ws/install/turtlesim/share/turtlesim/cmake/turtlesim__rosidl_typesupport_introspection_cppExport.cmake
[17.783s] -- Installing: /home/qamar/ros2_ws/install/turtlesim/share/turtlesim/cmake/turtlesim__rosidl_typesupport_introspection_cppExport-noconfig.cmake
[17.783s] -- Installing: /home/qamar/ros2_ws/install/turtlesim/share/turtlesim/cmake/turtlesim__rosidl_typesupport_cppExport.cmake
[17.783s] -- Installing: /home/qamar/ros2_ws/install/turtlesim/share/turtlesim/cmake/turtlesim__rosidl_typesupport_cppExport-noconfig.cmake
[17.783s] -- Installing: /home/qamar/ros2_ws/install/turtlesim/share/turtlesim/cmake/export_turtlesim__rosidl_generator_pyExport.cmake
[17.783s] -- Installing: /home/qamar/ros2_ws/install/turtlesim/share/turtlesim/cmake/export_turtlesim__rosidl_generator_pyExport-noconfig.cmake
[17.783s] -- Installing: /home/qamar/ros2_ws/install/turtlesim/share/turtlesim/cmake/rosidl_cmake-extras.cmake
[17.783s] -- Installing: /home/qamar/ros2_ws/install/turtlesim/share/turtlesim/cmake/ament_cmake_export_dependencies-extras.cmake
[17.783s] -- Installing: /home/qamar/ros2_ws/install/turtlesim/share/turtlesim/cmake/ament_cmake_export_include_directories-extras.cmake
[17.784s] -- Installing: /home/qamar/ros2_ws/install/turtlesim/share/turtlesim/cmake/ament_cmake_export_libraries-extras.cmake
[17.784s] -- Installing: /home/qamar/ros2_ws/install/turtlesim/share/turtlesim/cmake/ament_cmake_export_targets-extras.cmake
[17.784s] -- Installing: /home/qamar/ros2_ws/install/turtlesim/share/turtlesim/cmake/rosidl_cmake_export_typesupport_targets-extras.cmake
[17.784s] -- Installing: /home/qamar/ros2_ws/install/turtlesim/share/turtlesim/cmake/rosidl_cmake_export_typesupport_libraries-extras.cmake
[17.784s] -- Installing: /home/qamar/ros2_ws/install/turtlesim/share/turtlesim/cmake/turtlesimConfig.cmake
[17.784s] -- Installing: /home/qamar/ros2_ws/install/turtlesim/share/turtlesim/cmake/turtlesimConfig-version.cmake
[17.784s] -- Installing: /home/qamar/ros2_ws/install/turtlesim/share/turtlesim/package.xml
[17.785s] Invoked command in '/home/qamar/ros2_ws/build/turtlesim' returned '0': CMAKE_PREFIX_PATH=/opt/ros/humble /usr/bin/cmake --install /home/qamar/ros2_ws/build/turtlesim
