[0.009s] Invoking command in '/home/qamar/ros2_ws/build/cpp_pubsub': CMAKE_PREFIX_PATH=/opt/ros/humble /usr/bin/cmake --build /home/qamar/ros2_ws/build/cpp_pubsub -- -j8 -l8
[0.023s] -- Found ament_cmake: 1.3.2 (/opt/ros/humble/share/ament_cmake/cmake)
[0.104s] -- Found rclcpp: 16.0.1 (/opt/ros/humble/share/rclcpp/cmake)
[0.123s] -- Found rosidl_generator_c: 3.1.3 (/opt/ros/humble/share/rosidl_generator_c/cmake)
[0.124s] -- Found rosidl_adapter: 3.1.3 (/opt/ros/humble/share/rosidl_adapter/cmake)
[0.128s] -- Found rosidl_generator_cpp: 3.1.3 (/opt/ros/humble/share/rosidl_generator_cpp/cmake)
[0.135s] -- Using all available rosidl_typesupport_c: rosidl_typesupport_fastrtps_c;rosidl_typesupport_introspection_c
[0.144s] -- Using all available rosidl_typesupport_cpp: rosidl_typesupport_fastrtps_cpp;rosidl_typesupport_introspection_cpp
[0.180s] -- Found rmw_implementation_cmake: 6.1.0 (/opt/ros/humble/share/rmw_implementation_cmake/cmake)
[0.181s] -- Found rmw_fastrtps_cpp: 6.2.1 (/opt/ros/humble/share/rmw_fastrtps_cpp/cmake)
[0.261s] -- Using RMW implementation 'rmw_fastrtps_cpp' as default
[0.356s] -- Found ament_lint_auto: 0.12.4 (/opt/ros/humble/share/ament_lint_auto/cmake)
[0.394s] -- Added test 'cppcheck' to perform static code analysis on C / C++ code
[0.394s] -- Configured cppcheck include dirs: 
[0.394s] -- Configured cppcheck exclude dirs and/or files: 
[0.394s] -- Added test 'lint_cmake' to check CMake code style
[0.395s] -- Added test 'uncrustify' to check C / C++ code style
[0.395s] -- Configured uncrustify additional arguments: 
[0.395s] -- Added test 'xmllint' to check XML markup files
[0.395s] -- Configuring done
[0.401s] -- Generating done
[0.402s] -- Build files have been written to: /home/qamar/ros2_ws/build/cpp_pubsub
[0.415s] [35m[1mConsolidate compiler generated dependencies of target listener[0m
[0.415s] [35m[1mConsolidate compiler generated dependencies of target talker[0m
[0.425s] [ 50%] [32mBuilding CXX object CMakeFiles/talker.dir/src/publisher_member_function.cpp.o[0m
[0.425s] [ 50%] [32mBuilding CXX object CMakeFiles/listener.dir/src/subscriber_member_function.cpp.o[0m
[3.103s] [ 75%] [32m[1mLinking CXX executable talker[0m
[3.212s] [ 75%] Built target talker
[5.356s] [100%] [32m[1mLinking CXX executable listener[0m
[5.578s] [100%] Built target listener
[5.585s] Invoked command in '/home/qamar/ros2_ws/build/cpp_pubsub' returned '0': CMAKE_PREFIX_PATH=/opt/ros/humble /usr/bin/cmake --build /home/qamar/ros2_ws/build/cpp_pubsub -- -j8 -l8
[5.598s] Invoking command in '/home/qamar/ros2_ws/build/cpp_pubsub': CMAKE_PREFIX_PATH=/opt/ros/humble /usr/bin/cmake --install /home/qamar/ros2_ws/build/cpp_pubsub
[5.602s] -- Install configuration: ""
[5.602s] -- Installing: /home/qamar/ros2_ws/install/cpp_pubsub/lib/cpp_pubsub/talker
[5.603s] -- Set runtime path of "/home/qamar/ros2_ws/install/cpp_pubsub/lib/cpp_pubsub/talker" to ""
[5.603s] -- Up-to-date: /home/qamar/ros2_ws/install/cpp_pubsub/lib/cpp_pubsub/talker
[5.603s] -- Installing: /home/qamar/ros2_ws/install/cpp_pubsub/lib/cpp_pubsub/listener
[5.605s] -- Set runtime path of "/home/qamar/ros2_ws/install/cpp_pubsub/lib/cpp_pubsub/listener" to ""
[5.605s] -- Up-to-date: /home/qamar/ros2_ws/install/cpp_pubsub/share/ament_index/resource_index/package_run_dependencies/cpp_pubsub
[5.605s] -- Installing: /home/qamar/ros2_ws/install/cpp_pubsub/share/ament_index/resource_index/parent_prefix_path/cpp_pubsub
[5.605s] -- Installing: /home/qamar/ros2_ws/install/cpp_pubsub/share/cpp_pubsub/environment/ament_prefix_path.sh
[5.605s] -- Installing: /home/qamar/ros2_ws/install/cpp_pubsub/share/cpp_pubsub/environment/ament_prefix_path.dsv
[5.605s] -- Installing: /home/qamar/ros2_ws/install/cpp_pubsub/share/cpp_pubsub/environment/path.sh
[5.605s] -- Installing: /home/qamar/ros2_ws/install/cpp_pubsub/share/cpp_pubsub/environment/path.dsv
[5.605s] -- Up-to-date: /home/qamar/ros2_ws/install/cpp_pubsub/share/cpp_pubsub/local_setup.bash
[5.605s] -- Up-to-date: /home/qamar/ros2_ws/install/cpp_pubsub/share/cpp_pubsub/local_setup.sh
[5.606s] -- Up-to-date: /home/qamar/ros2_ws/install/cpp_pubsub/share/cpp_pubsub/local_setup.zsh
[5.606s] -- Installing: /home/qamar/ros2_ws/install/cpp_pubsub/share/cpp_pubsub/local_setup.dsv
[5.606s] -- Installing: /home/qamar/ros2_ws/install/cpp_pubsub/share/cpp_pubsub/package.dsv
[5.606s] -- Up-to-date: /home/qamar/ros2_ws/install/cpp_pubsub/share/ament_index/resource_index/packages/cpp_pubsub
[5.606s] -- Up-to-date: /home/qamar/ros2_ws/install/cpp_pubsub/share/cpp_pubsub/cmake/cpp_pubsubConfig.cmake
[5.606s] -- Up-to-date: /home/qamar/ros2_ws/install/cpp_pubsub/share/cpp_pubsub/cmake/cpp_pubsubConfig-version.cmake
[5.606s] -- Up-to-date: /home/qamar/ros2_ws/install/cpp_pubsub/share/cpp_pubsub/package.xml
[5.606s] Invoked command in '/home/qamar/ros2_ws/build/cpp_pubsub' returned '0': CMAKE_PREFIX_PATH=/opt/ros/humble /usr/bin/cmake --install /home/qamar/ros2_ws/build/cpp_pubsub
