[0.010s] Invoking command in '/home/qamar/ros2_ws/build/my_package': CMAKE_PREFIX_PATH=${CMAKE_PREFIX_PATH}:/opt/ros/humble /usr/bin/cmake /home/qamar/ros2_ws/src/my_package -DCMAKE_INSTALL_PREFIX=/home/qamar/ros2_ws/install/my_package
[0.042s] -- The C compiler identification is GNU 11.3.0
[0.174s] -- The CXX compiler identification is GNU 11.3.0
[0.179s] -- Detecting C compiler ABI info
[0.222s] -- Detecting C compiler ABI info - done
[0.227s] -- Check for working C compiler: /usr/bin/cc - skipped
[0.228s] -- Detecting C compile features
[0.228s] -- Detecting C compile features - done
[0.230s] -- Detecting CXX compiler ABI info
[0.274s] -- Detecting CXX compiler ABI info - done
[0.279s] -- Check for working CXX compiler: /usr/bin/c++ - skipped
[0.279s] -- Detecting CXX compile features
[0.279s] -- Detecting CXX compile features - done
[0.281s] -- Found ament_cmake: 1.3.2 (/opt/ros/humble/share/ament_cmake/cmake)
[0.386s] -- Found Python3: /usr/bin/python3.10 (found version "3.10.6") found components: Interpreter 
[0.448s] -- Found ament_lint_auto: 0.12.4 (/opt/ros/humble/share/ament_lint_auto/cmake)
[0.495s] -- Added test 'cppcheck' to perform static code analysis on C / C++ code
[0.495s] -- Configured cppcheck include dirs: $<BUILD_INTERFACE:/home/qamar/ros2_ws/src/my_package/include>
[0.495s] -- Configured cppcheck exclude dirs and/or files: 
[0.495s] -- Added test 'lint_cmake' to check CMake code style
[0.496s] -- Added test 'uncrustify' to check C / C++ code style
[0.496s] -- Configured uncrustify additional arguments: 
[0.496s] -- Added test 'xmllint' to check XML markup files
[0.497s] -- Configuring done
[0.499s] -- Generating done
[0.500s] -- Build files have been written to: /home/qamar/ros2_ws/build/my_package
[0.502s] Invoked command in '/home/qamar/ros2_ws/build/my_package' returned '0': CMAKE_PREFIX_PATH=${CMAKE_PREFIX_PATH}:/opt/ros/humble /usr/bin/cmake /home/qamar/ros2_ws/src/my_package -DCMAKE_INSTALL_PREFIX=/home/qamar/ros2_ws/install/my_package
[0.503s] Invoking command in '/home/qamar/ros2_ws/build/my_package': CMAKE_PREFIX_PATH=${CMAKE_PREFIX_PATH}:/opt/ros/humble /usr/bin/cmake --build /home/qamar/ros2_ws/build/my_package -- -j8 -l8
[0.528s] [ 50%] [32mBuilding CXX object CMakeFiles/my_node.dir/src/my_node.cpp.o[0m
[0.545s] [100%] [32m[1mLinking CXX executable my_node[0m
[0.573s] [100%] Built target my_node
[0.579s] Invoked command in '/home/qamar/ros2_ws/build/my_package' returned '0': CMAKE_PREFIX_PATH=${CMAKE_PREFIX_PATH}:/opt/ros/humble /usr/bin/cmake --build /home/qamar/ros2_ws/build/my_package -- -j8 -l8
[0.593s] Invoking command in '/home/qamar/ros2_ws/build/my_package': CMAKE_PREFIX_PATH=${CMAKE_PREFIX_PATH}:/opt/ros/humble /usr/bin/cmake --install /home/qamar/ros2_ws/build/my_package
[0.597s] -- Install configuration: ""
[0.597s] -- Installing: /home/qamar/ros2_ws/install/my_package/lib/my_package/my_node
[0.597s] -- Installing: /home/qamar/ros2_ws/install/my_package/share/ament_index/resource_index/package_run_dependencies/my_package
[0.597s] -- Installing: /home/qamar/ros2_ws/install/my_package/share/ament_index/resource_index/parent_prefix_path/my_package
[0.597s] -- Installing: /home/qamar/ros2_ws/install/my_package/share/my_package/environment/ament_prefix_path.sh
[0.597s] -- Installing: /home/qamar/ros2_ws/install/my_package/share/my_package/environment/ament_prefix_path.dsv
[0.597s] -- Installing: /home/qamar/ros2_ws/install/my_package/share/my_package/environment/path.sh
[0.597s] -- Installing: /home/qamar/ros2_ws/install/my_package/share/my_package/environment/path.dsv
[0.597s] -- Installing: /home/qamar/ros2_ws/install/my_package/share/my_package/local_setup.bash
[0.597s] -- Installing: /home/qamar/ros2_ws/install/my_package/share/my_package/local_setup.sh
[0.598s] -- Installing: /home/qamar/ros2_ws/install/my_package/share/my_package/local_setup.zsh
[0.598s] -- Installing: /home/qamar/ros2_ws/install/my_package/share/my_package/local_setup.dsv
[0.598s] -- Installing: /home/qamar/ros2_ws/install/my_package/share/my_package/package.dsv
[0.598s] -- Installing: /home/qamar/ros2_ws/install/my_package/share/ament_index/resource_index/packages/my_package
[0.598s] -- Installing: /home/qamar/ros2_ws/install/my_package/share/my_package/cmake/my_packageConfig.cmake
[0.598s] -- Installing: /home/qamar/ros2_ws/install/my_package/share/my_package/cmake/my_packageConfig-version.cmake
[0.598s] -- Installing: /home/qamar/ros2_ws/install/my_package/share/my_package/package.xml
[0.600s] Invoked command in '/home/qamar/ros2_ws/build/my_package' returned '0': CMAKE_PREFIX_PATH=${CMAKE_PREFIX_PATH}:/opt/ros/humble /usr/bin/cmake --install /home/qamar/ros2_ws/build/my_package
